Exception in thread "AWT-EventQueue-0" java.lang.UnsatisfiedLinkError: no J3D in java.library.path
	at java.lang.ClassLoader.loadLibrary(Unknown Source)
	at java.lang.Runtime.loadLibrary0(Unknown Source)
	at java.lang.System.loadLibrary(Unknown Source)
	at javax.media.j3d.MasterControl$22.run(MasterControl.java:889)
	at java.security.AccessController.doPrivileged(Native Method)
	at javax.media.j3d.MasterControl.loadLibraries(MasterControl.java:886)
	at javax.media.j3d.VirtualUniverse.<clinit>(VirtualUniverse.java:229)
	at javax.media.j3d.Canvas3D.<clinit>(Canvas3D.java:3533)
	at com.tsoft.myprocad.swing.dialog.J3dDialog.configureCanvas(J3dDialog.java:37)
	at com.tsoft.myprocad.swing.dialog.J3dDialog.<init>(J3dDialog.java:29)
	at com.tsoft.myprocad.viewcontroller.PlanController.show3D(PlanController.java:730)
	at com.tsoft.myprocad.viewcontroller.PlanController.doMenuAction(PlanController.java:767)
	at com.tsoft.myprocad.viewcontroller.ProjectController.doMenuAction(ProjectController.java:239)
	at com.tsoft.myprocad.viewcontroller.ApplicationController.doMenuAction(ApplicationController.java:273)
	at com.tsoft.myprocad.swing.menu.Menu.lambda$createMenuItem$130(Menu.java:179)
	at com.tsoft.myprocad.swing.menu.Menu$$Lambda$13/1113619023.actionPerformed(Unknown Source)
	at javax.swing.AbstractButton.fireActionPerformed(Unknown Source)
	at javax.swing.AbstractButton$Handler.actionPerformed(Unknown Source)
	at javax.swing.DefaultButtonModel.fireActionPerformed(Unknown Source)
	at javax.swing.DefaultButtonModel.setPressed(Unknown Source)
	at javax.swing.AbstractButton.doClick(Unknown Source)
	at javax.swing.plaf.basic.BasicMenuItemUI.doClick(Unknown Source)
	at javax.swing.plaf.basic.BasicMenuItemUI$Handler.mouseReleased(Unknown Source)
	at java.awt.Component.processMouseEvent(Unknown Source)
	at javax.swing.JComponent.processMouseEvent(Unknown Source)
	at java.awt.Component.processEvent(Unknown Source)
	at java.awt.Container.processEvent(Unknown Source)
	at java.awt.Component.dispatchEventImpl(Unknown Source)
	at java.awt.Container.dispatchEventImpl(Unknown Source)
	at java.awt.Component.dispatchEvent(Unknown Source)
	at java.awt.LightweightDispatcher.retargetMouseEvent(Unknown Source)
	at java.awt.LightweightDispatcher.processMouseEvent(Unknown Source)
	at java.awt.LightweightDispatcher.dispatchEvent(Unknown Source)
	at java.awt.Container.dispatchEventImpl(Unknown Source)
	at java.awt.Window.dispatchEventImpl(Unknown Source)
	at java.awt.Component.dispatchEvent(Unknown Source)
	at java.awt.EventQueue.dispatchEventImpl(Unknown Source)
	at java.awt.EventQueue.access$400(Unknown Source)
	at java.awt.EventQueue$3.run(Unknown Source)
	at java.awt.EventQueue$3.run(Unknown Source)
	at java.security.AccessController.doPrivileged(Native Method)
	at java.security.ProtectionDomain$1.doIntersectionPrivilege(Unknown Source)
	at java.security.ProtectionDomain$1.doIntersectionPrivilege(Unknown Source)
	at java.awt.EventQueue$4.run(Unknown Source)
	at java.awt.EventQueue$4.run(Unknown Source)
	at java.security.AccessController.doPrivileged(Native Method)
	at java.security.ProtectionDomain$1.doIntersectionPrivilege(Unknown Source)
	at java.awt.EventQueue.dispatchEvent(Unknown Source)
	at java.awt.EventDispatchThread.pumpOneEventForFilters(Unknown Source)
	at java.awt.EventDispatchThread.pumpEventsForFilter(Unknown Source)
	at java.awt.EventDispatchThread.pumpEventsForHierarchy(Unknown Source)
	at java.awt.EventDispatchThread.pumpEvents(Unknown Source)
	at java.awt.EventDispatchThread.pumpEvents(Unknown Source)
	at java.awt.EventDispatchThread.run(Unknown Source)
